0:100  0:100  MemLog inited, TSC freq: 2195013453
0:100  0:000  CPU was calibrated with ACPI PM Timer
0:100  0:000  
0:100  0:000  Now is 6.7.2019,  1:0:26 (GMT)
0:100  0:000  Starting Clover revision: 4859 on American Megatrends EFI
0:100  0:000  Build with: [Args: -mc --no-usb -D NO_GRUB_DRIVERS_EMBEDDED -t XCODE8 | -D DISABLE_USB_SUPPORT -D NO_GRUB_DRIVERS_EMBEDDED --conf=/Users/sky/src/edk2/Conf -D USE_BIOS_BLOCKIO -D USE_LOW_EBDA -a X64 -b RELEASE -t XCODE8 -n 13 | OS: 10.14.3 | XCODE: 10.1]
0:100  0:000  SelfDevicePath=PciRoot(0x0)\Pci(0x1D,0x0)\USB(0x1,0x0)\USB(0x1,0x0)\HD(1,GPT,D89276D8-16DB-4070-AF67-A11A46BFEB18,0x28,0x64000) @C8573318
0:100  0:000  SelfDirPath = \EFI\CLOVER
0:101  0:001  === [ Get Smbios ] ========================================
0:101  0:000  Type 16 Index = 0
0:101  0:000  Total Memory Slots Count = 4
0:101  0:000  Type 17 Index = 0
0:101  0:000  Ignoring insane frequency value 0MHz
0:101  0:000  SmbiosTable.Type17->Speed = 0MHz
0:101  0:000  SmbiosTable.Type17->Size = 0MB
0:101  0:000  SmbiosTable.Type17->Bank/Device = BANK 0 ChannelA-DIMM0
0:101  0:000  SmbiosTable.Type17->Vendor = <null string>
0:101  0:000  SmbiosTable.Type17->SerialNumber = <null string>
0:101  0:000  SmbiosTable.Type17->PartNumber = <null string>
0:101  0:000  Type 17 Index = 1
0:101  0:000  Ignoring insane frequency value 0MHz
0:101  0:000  SmbiosTable.Type17->Speed = 0MHz
0:101  0:000  SmbiosTable.Type17->Size = 0MB
0:101  0:000  SmbiosTable.Type17->Bank/Device = BANK 1 ChannelA-DIMM1
0:101  0:000  SmbiosTable.Type17->Vendor = <null string>
0:101  0:000  SmbiosTable.Type17->SerialNumber = <null string>
0:101  0:000  SmbiosTable.Type17->PartNumber = <null string>
0:101  0:000  Type 17 Index = 2
0:101  0:000  SmbiosTable.Type17->Speed = 1600MHz
0:101  0:000  SmbiosTable.Type17->Size = 8192MB
0:101  0:000  SmbiosTable.Type17->Bank/Device = BANK 2 ChannelB-DIMM0
0:101  0:000  SmbiosTable.Type17->Vendor = 859B
0:101  0:000  SmbiosTable.Type17->SerialNumber = 00000000
0:101  0:000  SmbiosTable.Type17->PartNumber = CT102464BF160B.M16
0:101  0:000  Type 17 Index = 3
0:101  0:000  Ignoring insane frequency value 0MHz
0:101  0:000  SmbiosTable.Type17->Speed = 0MHz
0:101  0:000  SmbiosTable.Type17->Size = 0MB
0:101  0:000  SmbiosTable.Type17->Bank/Device = BANK 3 ChannelB-DIMM1
0:101  0:000  SmbiosTable.Type17->Vendor = <null string>
0:101  0:000  SmbiosTable.Type17->SerialNumber = <null string>
0:101  0:000  SmbiosTable.Type17->PartNumber = <null string>
0:101  0:000  Boot status=0
0:101  0:000  Running on: 'N56VZ' with board 'N56VZ'
0:101  0:000  === [ GetCPUProperties ] ==================================
0:101  0:000  CPU Vendor = 756E6547 Model=306A9
0:101  0:000   The CPU supported SSE4.1
0:101  0:000  BrandString = Intel(R) Core(TM) i7-3632QM CPU @ 2.20GHz
0:101  0:000   The CPU supported turbo
0:101  0:000  MSR 0x35               40008
0:101  0:000  MSR 0xE2 before patch 1E008404
0:101  0:000  MSR 0xE2 is locked, PM patches will be turned on
0:101  0:000  MSR 0xCE              00080C10_E0011600
0:101  0:000  corrected FLEX_RATIO = 100000
0:101  0:000  MSR 0x1B0             00000000
0:101  0:000  FSBFrequency = 100 MHz, DMI FSBFrequency = 100 MHz, Corrected FSBFrequency = 100 MHz
0:101  0:000  MaxDiv/MinDiv: 22.0/12
0:101  0:000  Turbo: 29/29/31/32
0:101  0:000  Features: 0xBFEBFBFF
0:101  0:000  Threads: 8
0:101  0:000  Cores: 4
0:101  0:000  FSB: 100 MHz
0:101  0:000  CPU: 2200 MHz
0:101  0:000  TSC: 2200 MHz
0:101  0:000  PIS: 100 MHz
0:101  0:000  ExternalClock: 25 MHz
0:101  0:000  === [ GetDevices ] ========================================
0:101  0:000  PCI (00|00:00.00) : 8086 0154 class=060000
0:101  0:000  PCI (00|00:01.00) : 8086 0151 class=060400
0:101  0:000  PCI (00|01:00.00) : 10DE 0FD1 class=030000
0:101  0:000   - GFX: Model=Asus GeForce GT 650M family 1FF (Nvidia)
0:101  0:000  PCI (00|01:00.01) : FFFF FFFF class=FFFFFF
0:101  0:000  PCI (00|00:02.00) : 8086 0166 class=030000
0:101  0:000   - GFX: Model=Intel HD Graphics 4000 (Intel)
0:101  0:000  PCI (00|00:14.00) : 8086 1E31 class=0C0330
0:101  0:000  PCI (00|00:16.00) : 8086 1E3A class=078000
0:101  0:000  PCI (00|00:16.01) : FFFF FFFF class=FFFFFF
0:101  0:000  PCI (00|00:1A.00) : 8086 1E2D class=0C0320
0:101  0:000  PCI (00|00:1B.00) : 8086 1E20 class=040300
0:101  0:000  PCI (00|00:1C.00) : 8086 1E10 class=060400
0:101  0:000  PCI (00|00:1C.01) : 8086 1E12 class=060400
0:101  0:000  PCI (00|03:00.00) : 8086 0887 class=028000
0:101  0:000   - WIFI: Vendor=Intel
0:101  0:000  PCI (00|00:1C.03) : 8086 1E16 class=060400
0:101  0:000  PCI (00|04:00.00) : 1969 1091 class=020000
0:101  0:000   - LAN: 0 Vendor=Atheros
0:101  0:000  PCI (00|00:1D.00) : 8086 1E26 class=0C0320
0:101  0:000  PCI (00|00:1F.00) : 8086 1E59 class=060100
0:101  0:000  PCI (00|00:1F.02) : 8086 1E03 class=010601
0:101  0:000  PCI (00|00:1F.03) : 8086 1E22 class=0C0500
0:102  0:000  PCI (00|00:1F.06) : FFFF FFFF class=FFFFFF
0:102  0:000  === [ GetDefaultSettings ] ================================
0:102  0:000  Clover load options size = 66 bytes
0:102  0:000  Clover started with option to boot boot.efi from Install macOS Mojave
0:105  0:003  EFI\CLOVER\config.plist loaded: Success
0:105  0:000  === [ GetListOfThemes ] ===================================
0:107  0:002  - [00]: SimpleThemeDark
0:112  0:004  - [01]: Hackintosh_ID
0:120  0:008  - [02]: Clovy
0:166  0:045  === [ Found config plists ] ===============================
0:166  0:000  - config_UHD630_4K_HBR2_3E9B0000.plist
0:166  0:000  - config_HD5300_5500_6000.plist
0:166  0:000  - config_HD515_520_530_540.plist
0:166  0:000  - config_HD615_620_630_640_650.plist
0:166  0:000  - config_HD520_530_540.plist
0:166  0:000  - config_HD615.plist
0:166  0:000  - config_UHD620_HD620_59160000.plist
0:166  0:000  - config_HD510.plist
0:166  0:000  - config_HD5000_5100_5200.plist
0:166  0:000  - config_WHISKEYLAKE_3EA0.plist
0:166  0:000  - config_HD5600.plist
0:166  0:000  - config.plist
0:166  0:000  - config_HD550_P530.plist
0:166  0:000  - config_UHD630_1080P_HBR_3E9B0000.plist
0:166  0:000  - config_HD4600_4400_4200.plist
0:166  0:000  - config_HD615_620_630_640_650_spoof.plist
0:166  0:000  === [ GetEarlyUserSettings ] ==============================
0:166  0:000  timeout set to 1
0:166  0:000  Custom boot CUSTOM_BOOT_DISABLED (0x0)
0:166  0:000  KextsToPatch: 4 requested
0:166  0:000   - [00]: IOGraphicsFamily (Boot graphics glitch, (credit lisai9093, cecekpawon))[ERROR] bin2hex 'AQAAdRc=' syntax error
0:166  0:000  [ERROR] bin2hex 'AQAA6xc=' syntax error
0:166  0:000   - invalid Find/Replace data - skipping!
0:166  0:000   - [01]: AirPortBrcm4360 (10.12-BCM94352-fvco-darkvoid) :: BinPatch :: data len: 8
0:166  0:000   - [02]: AirPortBrcm4360 (10.11+-BCM94352-Airport-Extreme-skvo) :: BinPatch :: data len: 6
0:166  0:000   - [03]: IOBluetoothFamily (10.11+-BT4LE-Handoff-Hotspot-lisai9093) :: BinPatch :: data len: 8
0:166  0:000  Default theme: OSS
0:166  0:000  Hiding entries with string BOOTX64.EFI
0:166  0:000  Hiding entries with string Preboot
0:166  0:000   Custom EDID is ok
0:166  0:000  === [ LoadDrivers ] =======================================
0:173  0:007  Loading HFSPlus.efi  status=Success
0:183  0:009   - driver needs connecting
0:183  0:000  Loading DataHubDxe-64.efi  status=Success
0:235  0:052  Loading APFS.EFI  status=Success
0:342  0:106   - driver needs connecting
0:342  0:000  Loading FSInject-64.efi  status=Success
0:350  0:008  Loading ApfsDriverLoader-64.efi  status=Success
0:359  0:009   - driver needs connecting
0:359  0:000  Loading AppleUISupport-64.efi  status=Success
0:472  0:113  Loading AppleImageLoader-64.efi  status=Success
0:477  0:004  Loading EmuVariableUefi-64.efi  status=Success
0:485  0:007  EmuVariableUefi Initialize: VariableCommonInitialize = Success, orig services stored, install gEmuVariableControlProtocolGuid = Success
0:485  0:000  Loading SMCHelper-64.efi  status=Success
0:491  0:005  Loading AptioMemoryFix-64.efi  status=Success
0:499  0:008  Loading NvmExpressDxe-64.efi  status=Success
0:510  0:010   - driver needs connecting
0:510  0:000  Loading AudioDxe-64.efi  status=Success
0:521  0:011   - driver needs connecting
0:521  0:000  5 drivers needs connecting ...
0:521  0:000  PlatformDriverOverrideProtocol->GetDriver overriden
0:521  0:000  HFS+ driver loaded
0:521  0:000  APFS driver loaded
0:521  0:000  Searching for invalid DiskIo BY_DRIVER connects: not found, all ok
3:892  3:371  EmuVariable InstallEmulation: orig vars copied, emu.var.services installed, CreateEvent VirtualAddressChange = Success, CreateEvent ExitBootServices = Success, set Status=Success
3:969  0:076  === [ InitScreen ] ========================================
3:969  0:000  SetScreenResolution: 1920x1080 - not found!
3:969  0:000  SetMaxResolution: found best mode 0: 1024x768
3:969  0:000   - already set
3:969  0:000  Console modes reported: 4, available modes:
3:969  0:000   - [01]: 80x25
3:969  0:000   - [03]: 100x31 (current mode)
3:969  0:000   - [04]: 128x40
3:969  0:000  SetScreenResolution: 1024x768 - already set
3:969  0:000  reinit: self device path=PciRoot(0x0)\Pci(0x1D,0x0)\USB(0x1,0x0)\USB(0x1,0x0)\HD(1,GPT,D89276D8-16DB-4070-AF67-A11A46BFEB18,0x28,0x64000)
3:971  0:001  === [ GetMacAddress ] =====================================
3:971  0:000  === [ ScanSPD ] ===========================================
3:971  0:000  Scanning SMBus [8086:1E22], mmio: 0xF7A15004, ioport: 0xF040, hostc: 0x1
3:990  0:019  Slot: 2 Type 24 8192MB 1600MHz Vendor=Crucial Technology PartNo=CT102464BF160B.M16FE SerialNo=0000000000000000
3:991  0:000  === [ GetAcpiTablesList ] =================================
3:991  0:000  Get Acpi Tables List from RSDT:
3:991  0:000   - [00]: FACP  Notebook len=132
3:991  0:000   - [01]: APIC  Notebook len=146
3:991  0:000   - [02]: FPDT  Notebook len=68
3:991  0:000   - [03]: ECDT  Notebook len=193
3:991  0:000   - [04]: MCFG  Notebook len=60
3:991  0:000   - [05]: SLIC  Notebook len=374
3:991  0:000   - [06]: HPET  Notebook len=56
3:991  0:000   - [07]: SSDT  AhciTab1 len=1586
3:991  0:000   - [08]: SSDT  AhciTab2 len=1182
3:991  0:000   - [09]: SSDT  Cpu0Ist len=2248
3:991  0:000   - [10]: SSDT  CpuPm len=2840
3:991  0:000  Calibrated TSC Frequency = 2195013453 = 2195MHz
3:991  0:000  === [ GetUserSettings ] ===================================
3:991  0:000   Custom EDID is ok
3:991  0:000  Can't install EdidOverride on ImageHandle
3:991  0:000  USB FixOwnership: yes
3:991  0:000   - final DSDT Fix mask=00000000
3:991  0:000  EnableC6: yes
3:991  0:000  EnableC4: yes
3:991  0:000  EnableC2: yes
3:991  0:000  Using ProductName from config: MacBookPro10,1
3:991  0:000  Using latest BiosVersion from clover
3:991  0:000  BiosVersion: MBP101.88Z.F000.B00.1809210852
3:991  0:000  BiosReleaseDate: 09/21/2018
3:991  0:000  Using EfiVersion from clover: 251.0.0.0.0
3:991  0:000  Using FirmwareFeatures from config: 0xE00DE137
3:991  0:000  Using FirmwareFeaturesMask from config: 0xFF1FFF3F
3:991  0:000  Board-ID set from config as Mac-C3EC7CD22292981F
3:991  0:000  BoardType: 0xA
3:991  0:000  ChassisType: 0xA
3:991  0:000  found 1 handles with audio
3:991  0:000  No AudioIoDevice stored
3:991  0:000  no stored audio parameters
3:994  0:002  === [ Found DSDT tables ] =================================
3:997  0:003  - DSDT.AML
4:181  0:183  === [ ScanVolumes ] =======================================
4:181  0:000  Found 10 volumes with blockIO
4:181  0:000  - [00]: Volume: PciRoot(0x0)\Pci(0x1D,0x0)\USB(0x1,0x0)\USB(0x1,0x0)
4:182  0:001          USB volume
4:182  0:000          USB volume
4:182  0:000  - [01]: Volume: PciRoot(0x0)\Pci(0x1D,0x0)\USB(0x1,0x0)\USB(0x1,0x0)\HD(1,GPT,D89276D8-16DB-4070-AF67-A11A46BFEB18,0x28,0x64000)
4:183  0:001          Result of bootcode detection: bootable unknown (legacy)
4:183  0:000          USB volume
4:183  0:000          USB volume
4:313  0:129          This is SelfVolume !!
4:313  0:000  - [02]: Volume: PciRoot(0x0)\Pci(0x1D,0x0)\USB(0x1,0x0)\USB(0x1,0x0)\HD(2,GPT,9E026D54-E099-48AB-9895-6DD66995E305,0x64028,0xC65DA0)
4:314  0:001          USB volume
4:314  0:000          USB volume
4:314  0:000  - [03]: Volume: PciRoot(0x0)\Pci(0x1F,0x2)\Sata(0x0,0xFFFF,0x0)
4:317  0:003  - [04]: Volume: PciRoot(0x0)\Pci(0x1F,0x2)\Sata(0x0,0xFFFF,0x0)\HD(1,GPT,E810869C-B2E6-49EE-A454-0DE040A38B36,0x28,0x64000)
4:318  0:000          Result of bootcode detection: bootable unknown (legacy)
4:324  0:005  - [05]: Volume: PciRoot(0x0)\Pci(0x1F,0x2)\Sata(0x0,0xFFFF,0x0)\HD(2,GPT,A573E8AB-E698-4D0F-AECA-3544AA92016A,0x64028,0x1DC8F260)
4:324  0:000          Result of bootcode detection: bootable unknown (legacy)
4:324  0:000  - [06]: Volume: PciRoot(0x0)\Pci(0x1F,0x2)\Sata(0x0,0xFFFF,0x0)\HD(2,GPT,A573E8AB-E698-4D0F-AECA-3544AA92016A,0x64028,0x1DC8F260)\VenMedia(BE74FCF7-0B7C-49F3-9147-01F4042E6842,C405AD4ABA18084F8F4B7FF580439B2D)
4:324  0:000          hiding this volume
4:324  0:000  - [07]: Volume: PciRoot(0x0)\Pci(0x1F,0x2)\Sata(0x0,0xFFFF,0x0)\HD(2,GPT,A573E8AB-E698-4D0F-AECA-3544AA92016A,0x64028,0x1DC8F260)\VenMedia(BE74FCF7-0B7C-49F3-9147-01F4042E6842,EAD147970F406133912A65713B18D2BE)
4:324  0:000  - [08]: Volume: PciRoot(0x0)\Pci(0x1F,0x2)\Sata(0x0,0xFFFF,0x0)\HD(2,GPT,A573E8AB-E698-4D0F-AECA-3544AA92016A,0x64028,0x1DC8F260)\VenMedia(BE74FCF7-0B7C-49F3-9147-01F4042E6842,462329E63A2A0743863BB692664906D9)
4:325  0:000  - [09]: Volume: PciRoot(0x0)\Pci(0x1F,0x2)\Sata(0x0,0xFFFF,0x0)\HD(2,GPT,A573E8AB-E698-4D0F-AECA-3544AA92016A,0x64028,0x1DC8F260)\VenMedia(BE74FCF7-0B7C-49F3-9147-01F4042E6842,84D17674DD899E45A7E71C83379C9DA7)
4:326  0:001  PutNvramPlistToRtVars: nvram.plist not found
4:326  0:000  === [ InitTheme ] =========================================
4:326  0:000  use night theme
4:328  0:002  GlobalConfig: OSS not found, get embedded theme
4:328  0:000   using embedded theme
4:328  0:000  got embedded sound
4:328  0:000    Channels: 2  Sample rate: 8000 Hz  Bits: 16
4:328  0:000  output to channel 0 with volume 70, len=25600
4:328  0:000   sound channels=2 bits=16 freq=8000
4:328  0:000  sound converted to 48kHz
4:328  0:000  not found AudioIo to play
4:329  0:000  Using embedded font: Success
4:329  0:000  theme inited
4:329  0:000  Chosen embedded theme
4:329  0:000  after NVRAM boot-args=npci=0x2000 dart=0 nv_disable=1 kext-dev-mode=1 rootless=0 slide=50
4:329  0:000  === [ Dump SMC keys from NVRAM ] ==========================
4:329  0:000  found AppleSMC protocol
4:330  0:000  Registered 17 SMC keys
4:330  0:000  === [ AddCustomEntries ] ==================================
4:330  0:000  Custom entry 0 FullTitle:"macOS" Path:"\System\Library\CoreServices\boot.efi" Type:1 Flags:0x2 matching Volume:"599288C7-C9BE-3B74-952F-52B2A373E654"
4:330  0:000      Checking volume "EFI" (PciRoot(0x0)\Pci(0x1D,0x0)\USB(0x1,0x0)\USB(0x1,0x0)\HD(1,GPT,D89276D8-16DB-4070-AF67-A11A46BFEB18,0x28,0x64000)) ... skipped because media is ignored
4:330  0:000      Checking volume "Install macOS Mojave" (PciRoot(0x0)\Pci(0x1D,0x0)\USB(0x1,0x0)\USB(0x1,0x0)\HD(2,GPT,9E026D54-E099-48AB-9895-6DD66995E305,0x64028,0xC65DA0)) ... skipped because media is ignored
4:330  0:000      Checking volume "EFI" (PciRoot(0x0)\Pci(0x1F,0x2)\Sata(0x0,0xFFFF,0x0)\HD(1,GPT,E810869C-B2E6-49EE-A454-0DE040A38B36,0x28,0x64000)) ... skipped
4:330  0:000      Checking volume "Preboot" (PciRoot(0x0)\Pci(0x1F,0x2)\Sata(0x0,0xFFFF,0x0)\HD(2,GPT,A573E8AB-E698-4D0F-AECA-3544AA92016A,0x64028,0x1DC8F260)\VenMedia(BE74FCF7-0B7C-49F3-9147-01F4042E6842,C405AD4ABA18084F8F4B7FF580439B2D)) ... skipped because volume is hidden
4:330  0:000      Checking volume "SSD" (PciRoot(0x0)\Pci(0x1F,0x2)\Sata(0x0,0xFFFF,0x0)\HD(2,GPT,A573E8AB-E698-4D0F-AECA-3544AA92016A,0x64028,0x1DC8F260)\VenMedia(BE74FCF7-0B7C-49F3-9147-01F4042E6842,EAD147970F406133912A65713B18D2BE)) ... skipped
4:330  0:000      Checking volume "Recovery" (PciRoot(0x0)\Pci(0x1F,0x2)\Sata(0x0,0xFFFF,0x0)\HD(2,GPT,A573E8AB-E698-4D0F-AECA-3544AA92016A,0x64028,0x1DC8F260)\VenMedia(BE74FCF7-0B7C-49F3-9147-01F4042E6842,462329E63A2A0743863BB692664906D9)) ... skipped
4:330  0:000      Checking volume "VM" (PciRoot(0x0)\Pci(0x1F,0x2)\Sata(0x0,0xFFFF,0x0)\HD(2,GPT,A573E8AB-E698-4D0F-AECA-3544AA92016A,0x64028,0x1DC8F260)\VenMedia(BE74FCF7-0B7C-49F3-9147-01F4042E6842,84D17674DD899E45A7E71C83379C9DA7)) ... skipped
4:330  0:000  Custom entry 1 FullTitle:"Windows" Path:"\EFI\Microsoft\Boot\bootmgfw.efi" Options:"-s -h" Type:7 Flags:0x0 matching Volume:"62DE44CC-101E-4EC5-83C2-1151948E2F01"
4:330  0:000      Checking volume "EFI" (PciRoot(0x0)\Pci(0x1D,0x0)\USB(0x1,0x0)\USB(0x1,0x0)\HD(1,GPT,D89276D8-16DB-4070-AF67-A11A46BFEB18,0x28,0x64000)) ... skipped
4:330  0:000      Checking volume "Install macOS Mojave" (PciRoot(0x0)\Pci(0x1D,0x0)\USB(0x1,0x0)\USB(0x1,0x0)\HD(2,GPT,9E026D54-E099-48AB-9895-6DD66995E305,0x64028,0xC65DA0)) ... skipped
4:330  0:000      Checking volume "EFI" (PciRoot(0x0)\Pci(0x1F,0x2)\Sata(0x0,0xFFFF,0x0)\HD(1,GPT,E810869C-B2E6-49EE-A454-0DE040A38B36,0x28,0x64000)) ... skipped
4:330  0:000      Checking volume "Preboot" (PciRoot(0x0)\Pci(0x1F,0x2)\Sata(0x0,0xFFFF,0x0)\HD(2,GPT,A573E8AB-E698-4D0F-AECA-3544AA92016A,0x64028,0x1DC8F260)\VenMedia(BE74FCF7-0B7C-49F3-9147-01F4042E6842,C405AD4ABA18084F8F4B7FF580439B2D)) ... skipped because volume is hidden
4:330  0:000      Checking volume "SSD" (PciRoot(0x0)\Pci(0x1F,0x2)\Sata(0x0,0xFFFF,0x0)\HD(2,GPT,A573E8AB-E698-4D0F-AECA-3544AA92016A,0x64028,0x1DC8F260)\VenMedia(BE74FCF7-0B7C-49F3-9147-01F4042E6842,EAD147970F406133912A65713B18D2BE)) ... skipped
4:330  0:000      Checking volume "Recovery" (PciRoot(0x0)\Pci(0x1F,0x2)\Sata(0x0,0xFFFF,0x0)\HD(2,GPT,A573E8AB-E698-4D0F-AECA-3544AA92016A,0x64028,0x1DC8F260)\VenMedia(BE74FCF7-0B7C-49F3-9147-01F4042E6842,462329E63A2A0743863BB692664906D9)) ... skipped
4:330  0:000      Checking volume "VM" (PciRoot(0x0)\Pci(0x1F,0x2)\Sata(0x0,0xFFFF,0x0)\HD(2,GPT,A573E8AB-E698-4D0F-AECA-3544AA92016A,0x64028,0x1DC8F260)\VenMedia(BE74FCF7-0B7C-49F3-9147-01F4042E6842,84D17674DD899E45A7E71C83379C9DA7)) ... skipped
4:330  0:000  === [ ScanLoader ] ========================================
4:330  0:000  - [01]: 'EFI'
4:337  0:007          AddLoaderEntry for Volume Name=EFI
4:337  0:000          skipped because entry is hidden
4:337  0:000  - [02]: 'Install macOS Mojave'
4:339  0:001          AddLoaderEntry for Volume Name=Install macOS Mojave
4:345  0:006  - [04]: 'EFI'
4:347  0:001          AddLoaderEntry for Volume Name=EFI
4:347  0:000          skipped because entry is hidden
4:347  0:000  - [06]: 'Preboot', hidden
4:347  0:000  - [07]: 'SSD'
4:428  0:081          AddLoaderEntry for Volume Name=SSD
4:447  0:018      Check if volume Is Hibernated:
4:447  0:000      Check sleep image 'by signature':
4:472  0:025      read prefs \Library\Preferences\com.apple.PowerManagement.plist status=Success
4:472  0:000      using default sleep image name = \private\var\vm\sleepimage
4:485  0:012      sleepimage not found -> Not Found
4:485  0:000      hibernated: no - sign
4:493  0:007  - [08]: 'Recovery'
4:498  0:005          AddLoaderEntry for Volume Name=Recovery
4:508  0:009  - [09]: 'VM'
4:508  0:000  === [ AddCustomTool ] =====================================
4:531  0:022  found tool \EFI\CLOVER\tools\Shell64U.efi
4:531  0:000  Checking EFI partition Volume 1 for Clover
4:532  0:001   Found Clover
4:532  0:000  EmuVariable UninstallEmulation: CloseEvent = Success, original var services restored
4:532  0:000  EmuVariable InstallEmulation: orig vars copied, emu.var.services installed, CreateEvent VirtualAddressChange = Success, CreateEvent ExitBootServices = Success, set Status=Success
4:608  0:075  === [ GetEfiBootDeviceFromNvram ] =========================
4:608  0:000   - efi-boot-device-data: PciRoot(0x0)\Pci(0x1D,0x0)\USB(0x1,0x0)\USB(0x1,0x0)\HD(2,GPT,F152E783-0F3C-4327-85F2-1015B49D75B9,0x64028,0x38FF3A8)\System\Library\CoreServices\boot.efii
4:608  0:000    - Volume: 'PciRoot(0x0)\Pci(0x1D,0x0)\USB(0x1,0x0)\USB(0x1,0x0)\HD(2,GPT,F152E783-0F3C-4327-85F2-1015B49D75B9,0x64028,0x38FF3A8)'
4:608  0:000    - LoaderPath: '\System\Library\CoreServices\boot.efi'
4:608  0:000    - Guid = F152E783-0F3C-4327-85F2-1015B49D75B9
4:608  0:000  === [ FindStartupDiskVolume ] =============================
4:608  0:000    - Volume: partition = PciRoot(0x0)\Pci(0x1D,0x0)\USB(0x1,0x0)\USB(0x1,0x0)\HD(2,GPT,F152E783-0F3C-4327-85F2-1015B49D75B9,0x64028,0x38FF3A8)
4:608  0:000     - searching for that partition and loader '\System\Library\CoreServices\boot.efi'
4:608  0:000      - [!] not found
4:608  0:000     - searching again, but comparing Media dev path nodes
4:608  0:000      - [!] not found
4:608  0:000     - searching for that partition
4:608  0:000      - [!] not found
4:608  0:000     - searching again, but comparing Media dev path nodes
4:608  0:000      - [!] not found
4:608  0:000  Default boot entry not found
4:608  0:000  EmuVariable UninstallEmulation: CloseEvent = Success, original var services restored
4:608  0:000  DefaultIndex=-1 and MainMenu.EntryCount=9
4:608  0:000  not run anime
4:651  0:043  GUI ready
8:166  3:515  not run anime
76:189  68:022  not run anime
